"../../../../../../Users/nle93/Documents/Unreal Projects/IrinAndTheAbyss/Content/Art/TempMaterial.uasset" 0
"../../../../../../Users/nle93/Documents/Unreal Projects/IrinAndTheAbyss/Content/Art/Animals/TempMaterial.uasset" 1
"../../../../../../Users/nle93/Documents/Unreal Projects/IrinAndTheAbyss/Content/Art/Animals/Models/irin/Irin_LP_03_Irin_BaseColor.uasset" 2
"../../../../../../Users/nle93/Documents/Unreal Projects/IrinAndTheAbyss/Content/Art/Animals/Models/irin/Irin_Shader.uasset" 3
"../../../../../../Users/nle93/Documents/Unreal Projects/IrinAndTheAbyss/Content/Art/Animals/Models/irin/irin_run_edit_fbx_PhysicsAsset.uasset" 4
"../../../../../../Users/nle93/Documents/Unreal Projects/IrinAndTheAbyss/Content/Art/Animals/Models/irin/irin_run_edit_fbx_Skeleton.uasset" 5
"../../../../../../Users/nle93/Documents/Unreal Projects/IrinAndTheAbyss/Content/Art/Animals/Models/irin/irin_geo.uasset" 6
"../../../../../../Users/nle93/Documents/Unreal Projects/IrinAndTheAbyss/Content/Art/Animals/Models/irin_geo.uasset" 7
"../../../../../../Users/nle93/Documents/Unreal Projects/IrinAndTheAbyss/Content/Art/Animals/Models/Irin_LP_03_Irin_BaseColor.uasset" 8
"../../../../../../Users/nle93/Documents/Unreal Projects/IrinAndTheAbyss/Content/Art/Animals/Models/irin_run_edit_fbx_PhysicsAsset.uasset" 9
"../../../../../../Users/nle93/Documents/Unreal Projects/IrinAndTheAbyss/Content/Art/Animals/Models/irin_run_edit_fbx_Skeleton.uasset" 10
"../../../../../../Users/nle93/Documents/Unreal Projects/IrinAndTheAbyss/Content/Art/Animals/Models/Irin_Shader.uasset" 11
"../../../../../../Users/nle93/Documents/Unreal Projects/IrinAndTheAbyss/Content/Art/Animals/Models/irin/TempMaterial.uasset" 12
"../../../../../../Users/nle93/Documents/Unreal Projects/IrinAndTheAbyss/Content/Art/Animals/Models/TempMaterial.uasset" 13
"../../../Engine/Content/Animation/DefaultAnimBoneCompressionSettings.uasset" 14
"../../../../../../Users/nle93/Documents/Unreal Projects/IrinAndTheAbyss/Content/Art/Animals/Models/irin/irin_animations/OriginalAnim/irin_horizontal_jump_fbx_02.uasset" 15
"../../../../../../Users/nle93/Documents/Unreal Projects/IrinAndTheAbyss/Content/Art/Animals/Models/irin/irin_animations/irin_horizontal_jump_fbx_02.uasset" 16
"../../../../../../Users/nle93/Documents/Unreal Projects/IrinAndTheAbyss/Content/Art/Animals/Models/animations/irin_horizontal_jump_fbx_02.uasset" 17
"../../../../../../Users/nle93/Documents/Unreal Projects/IrinAndTheAbyss/Content/Art/Animals/Models/irin/irin_animations/OriginalAnim/irin_idle_fbx.uasset" 18
"../../../../../../Users/nle93/Documents/Unreal Projects/IrinAndTheAbyss/Content/Art/Animals/Models/irin/irin_animations/irin_idle_fbx.uasset" 19
"../../../../../../Users/nle93/Documents/Unreal Projects/IrinAndTheAbyss/Content/Art/Animals/Models/animations/irin_idle_fbx.uasset" 20
"../../../../../../Users/nle93/Documents/Unreal Projects/IrinAndTheAbyss/Content/Art/Animals/Models/irin/irin_animations/OriginalAnim/irin_pull_fbx.uasset" 21
"../../../../../../Users/nle93/Documents/Unreal Projects/IrinAndTheAbyss/Content/Art/Animals/Models/irin/irin_animations/irin_pull_fbx.uasset" 22
"../../../../../../Users/nle93/Documents/Unreal Projects/IrinAndTheAbyss/Content/Art/Animals/Models/animations/irin_pull_fbx.uasset" 23
"../../../../../../Users/nle93/Documents/Unreal Projects/IrinAndTheAbyss/Content/Art/Animals/Models/irin/irin_animations/OriginalAnim/irin_push_fbx.uasset" 24
"../../../../../../Users/nle93/Documents/Unreal Projects/IrinAndTheAbyss/Content/Art/Animals/Models/irin/irin_animations/irin_push_fbx.uasset" 25
"../../../../../../Users/nle93/Documents/Unreal Projects/IrinAndTheAbyss/Content/Art/Animals/Models/animations/irin_push_fbx.uasset" 26
"../../../../../../Users/nle93/Documents/Unreal Projects/IrinAndTheAbyss/Content/Art/Animals/Models/irin/irin_animations/OriginalAnim/irin_run_edit_fbx_Anim.uasset" 27
"../../../../../../Users/nle93/Documents/Unreal Projects/IrinAndTheAbyss/Content/Art/Animals/Models/irin/irin_animations/irin_run_edit_fbx_Anim.uasset" 28
"../../../../../../Users/nle93/Documents/Unreal Projects/IrinAndTheAbyss/Content/Art/Animals/Models/animations/irin_run_edit_fbx_Anim.uasset" 29
"../../../../../../Users/nle93/Documents/Unreal Projects/IrinAndTheAbyss/Content/Art/Animals/Models/irin/irin_animations/OriginalAnim/irin_sneef_fbx.uasset" 30
"../../../../../../Users/nle93/Documents/Unreal Projects/IrinAndTheAbyss/Content/Art/Animals/Models/irin/irin_animations/irin_sneef_fbx.uasset" 31
"../../../../../../Users/nle93/Documents/Unreal Projects/IrinAndTheAbyss/Content/Art/Animals/Models/animations/irin_sneef_fbx.uasset" 32
"../../../../../../Users/nle93/Documents/Unreal Projects/IrinAndTheAbyss/Content/Art/Animals/Models/irin/irin_animations/OriginalAnim/irin_vertical_jump_fbx.uasset" 33
"../../../../../../Users/nle93/Documents/Unreal Projects/IrinAndTheAbyss/Content/Art/Animals/Models/irin/irin_animations/irin_vertical_jump_fbx.uasset" 34
"../../../../../../Users/nle93/Documents/Unreal Projects/IrinAndTheAbyss/Content/Art/Animals/Models/animations/irin_vertical_jump_fbx.uasset" 35
"../../../../../../Users/nle93/Documents/Unreal Projects/IrinAndTheAbyss/Content/Art/Animals/Models/leopard/T_Ice_Leopard_BaseColor.uasset" 36
"../../../../../../Users/nle93/Documents/Unreal Projects/IrinAndTheAbyss/Content/Art/Animals/Models/leopard/leopard_material.uasset" 37
"../../../../../../Users/nle93/Documents/Unreal Projects/IrinAndTheAbyss/Content/Art/Animals/Models/leopard/leopard_idle_PhysicsAsset.uasset" 38
"../../../../../../Users/nle93/Documents/Unreal Projects/IrinAndTheAbyss/Content/Art/Animals/Models/leopard/leopard_idle_Skeleton.uasset" 39
"../../../../../../Users/nle93/Documents/Unreal Projects/IrinAndTheAbyss/Content/Art/Animals/Models/leopard/leopard_geo.uasset" 40
"../../../../../../Users/nle93/Documents/Unreal Projects/IrinAndTheAbyss/Content/Art/Animals/Models/leopard/leopard_animations/leopard_attack.uasset" 41
"../../../../../../Users/nle93/Documents/Unreal Projects/IrinAndTheAbyss/Content/Art/Animals/Models/leopard/leopard_animations/leopard_idle_Anim.uasset" 42
"../../../../../../Users/nle93/Documents/Unreal Projects/IrinAndTheAbyss/Content/Art/Animals/Models/leopard/leopard_animations/leopard_run.uasset" 43
"../../../../../../Users/nle93/Documents/Unreal Projects/IrinAndTheAbyss/Content/Art/Animals/Textures/Material.uasset" 44
"../../../../../../Users/nle93/Documents/Unreal Projects/IrinAndTheAbyss/Content/Art/Environment/TempMaterial.uasset" 45
"../../../../../../Users/nle93/Documents/Unreal Projects/IrinAndTheAbyss/Content/Art/Environment/Models/Bush_plane_shader.uasset" 46
"../../../../../../Users/nle93/Documents/Unreal Projects/IrinAndTheAbyss/Content/Art/Environment/Textures/sand_tile_texture.uasset" 47
"../../../../../../Users/nle93/Documents/Unreal Projects/IrinAndTheAbyss/Content/Art/Environment/Textures/WaterNormal.uasset" 48
"../../../../../../Users/nle93/Documents/Unreal Projects/IrinAndTheAbyss/Content/Blueprints/TempBlueprint.uasset" 49
"../../../Engine/Content/EditorBlueprintResources/StandardMacros.uasset" 50
"../../../../../../Users/nle93/Documents/Unreal Projects/IrinAndTheAbyss/Content/Art/Environment/Textures/rock02_rock02_BaseColor.uasset" 51
"../../../../../../Users/nle93/Documents/Unreal Projects/IrinAndTheAbyss/Content/Art/Environment/Textures/rock02_rock02_OcclusionRoughnessMetallic.uasset" 52
"../../../../../../Users/nle93/Documents/Unreal Projects/IrinAndTheAbyss/Content/Art/Environment/Models/Rock01_Material.uasset" 53
"../../../../../../Users/nle93/Documents/Unreal Projects/IrinAndTheAbyss/Content/Art/Environment/Models/Rock01.uasset" 54
"../../../../../../Users/nle93/Documents/Unreal Projects/IrinAndTheAbyss/Content/Blueprints/Items/ItemRework/ItemBase.uasset" 55
"../../../Engine/Content/Functions/Engine_MaterialFunctions02/Utility/MakeFloat3.uasset" 56
"../../../../../../Users/nle93/Documents/Unreal Projects/IrinAndTheAbyss/Content/Levels/SuperGrid/StarterPack/Materials/Functions/Basic/MakeSet.uasset" 57
"../../../../../../Users/nle93/Documents/Unreal Projects/IrinAndTheAbyss/Content/Levels/SuperGrid/StarterPack/Materials/Functions/Basic/Roughness.uasset" 58
"../../../../../../Users/nle93/Documents/Unreal Projects/IrinAndTheAbyss/Content/Levels/SuperGrid/StarterPack/Materials/Functions/Basic/BreakSet.uasset" 59
"../../../../../../Users/nle93/Documents/Unreal Projects/IrinAndTheAbyss/Content/Levels/SuperGrid/StarterPack/Materials/Functions/Texture/Dye_MultiColor.uasset" 60
"../../../../../../Users/nle93/Documents/Unreal Projects/IrinAndTheAbyss/Content/Levels/SuperGrid/StarterPack/Source/Textures/T_BasicGrid_M.uasset" 61
"../../../../../../Users/nle93/Documents/Unreal Projects/IrinAndTheAbyss/Content/Levels/SuperGrid/StarterPack/Materials/Functions/Texture/Tex_SimpleGrid.uasset" 62
"../../../Engine/Content/Functions/Engine_MaterialFunctions02/Utility/BreakOutFloat3Components.uasset" 63
"../../../Engine/Content/Functions/Engine_MaterialFunctions02/Utility/Sign.uasset" 64
"../../../Engine/Content/Functions/Engine_MaterialFunctions02/Utility/Round.uasset" 65
"../../../Engine/Content/Functions/Engine_MaterialFunctions02/Utility/VectorLength.uasset" 66
"../../../Engine/Content/Functions/Engine_MaterialFunctions02/WorldPositionOffset/ObjectScale.uasset" 67
"../../../../../../Users/nle93/Documents/Unreal Projects/IrinAndTheAbyss/Content/Levels/SuperGrid/StarterPack/Materials/Functions/UV/UV_ObjectScalable.uasset" 68
"../../../../../../Users/nle93/Documents/Unreal Projects/IrinAndTheAbyss/Content/Levels/SuperGrid/StarterPack/Materials/Functions/UV/UV_SetupGrid.uasset" 69
"../../../../../../Users/nle93/Documents/Unreal Projects/IrinAndTheAbyss/Content/Levels/SuperGrid/StarterPack/Source/Textures/T_BasicGrid_N.uasset" 70
"../../../../../../Users/nle93/Documents/Unreal Projects/IrinAndTheAbyss/Content/Levels/SuperGrid/StarterPack/Materials/Base/M_SuperGrid_MultiColor.uasset" 71
"../../../../../../Users/nle93/Documents/Unreal Projects/IrinAndTheAbyss/Content/Levels/SuperGrid/StarterPack/Materials/Palette/Grids/M_SuperGrid_White.uasset" 72
"../../../../../../Users/nle93/Documents/Unreal Projects/IrinAndTheAbyss/Content/Blueprints/HUD/HUD_Widgets/HUD_Craft.uasset" 73
"../../../../../../Users/nle93/Documents/Unreal Projects/IrinAndTheAbyss/Content/Blueprints/HUD/HUD_Textures/Custom_ProgressBars/Health_Tail_Bar/T_HUD_BAR_Health.uasset" 74
"../../../../../../Users/nle93/Documents/Unreal Projects/IrinAndTheAbyss/Content/Blueprints/HUD/HUD_Textures/T_HUD_BAR_Health.uasset" 75
"../../../../../../Users/nle93/Documents/Unreal Projects/IrinAndTheAbyss/Content/Blueprints/HUD/HUD_Materials/M_HUD_MTR_Health.uasset" 76
"../../../../../../Users/nle93/Documents/Unreal Projects/IrinAndTheAbyss/Content/Blueprints/HUD/HUD_Textures/Custom_ProgressBars/Health_Tail_Bar/T_HUD_BAR_Health_D1.uasset" 77
"../../../../../../Users/nle93/Documents/Unreal Projects/IrinAndTheAbyss/Content/Blueprints/HUD/HUD_Textures/T_HUD_BAR_Health_D1.uasset" 78
"../../../../../../Users/nle93/Documents/Unreal Projects/IrinAndTheAbyss/Content/Blueprints/HUD/HUD_Materials/M_HUD_MTR_HealthD1.uasset" 79
"../../../../../../Users/nle93/Documents/Unreal Projects/IrinAndTheAbyss/Content/Blueprints/HUD/HUD_Textures/Custom_ProgressBars/Health_Tail_Bar/T_HUD_BAR_Health_D2.uasset" 80
"../../../../../../Users/nle93/Documents/Unreal Projects/IrinAndTheAbyss/Content/Blueprints/HUD/HUD_Textures/T_HUD_BAR_Health_D2.uasset" 81
"../../../../../../Users/nle93/Documents/Unreal Projects/IrinAndTheAbyss/Content/Blueprints/HUD/HUD_Materials/M_HUD_MTR_HealthD2.uasset" 82
"../../../../../../Users/nle93/Documents/Unreal Projects/IrinAndTheAbyss/Content/Blueprints/HUD/HUD_Textures/Custom_ProgressBars/Health_Tail_Bar/T_HUD_BAR_Stamina.uasset" 83
"../../../../../../Users/nle93/Documents/Unreal Projects/IrinAndTheAbyss/Content/Blueprints/HUD/HUD_Textures/T_HUD_BAR_Stamina.uasset" 84
"../../../../../../Users/nle93/Documents/Unreal Projects/IrinAndTheAbyss/Content/Blueprints/HUD/HUD_Materials/M_HUD_MTR_Stamina.uasset" 85
"../../../../../../Users/nle93/Documents/Unreal Projects/IrinAndTheAbyss/Content/Blueprints/HUD/HUD_Textures/Custom_ProgressBars/Food_Bar/T_HUD_BAR_Food_Placement.uasset" 86
"../../../../../../Users/nle93/Documents/Unreal Projects/IrinAndTheAbyss/Content/Blueprints/HUD/HUD_Textures/Custom_ProgressBars/Food_Bar/T_HUD_BAR_GrassBlade_1.uasset" 87
"../../../../../../Users/nle93/Documents/Unreal Projects/IrinAndTheAbyss/Content/Blueprints/HUD/HUD_Textures/Custom_ProgressBars/Food_Bar/T_HUD_BAR_GrassBlade_2.uasset" 88
"../../../../../../Users/nle93/Documents/Unreal Projects/IrinAndTheAbyss/Content/Blueprints/HUD/HUD_Textures/Custom_ProgressBars/Food_Bar/T_HUD_BAR_GrassBlade_3.uasset" 89
"../../../../../../Users/nle93/Documents/Unreal Projects/IrinAndTheAbyss/Content/Blueprints/HUD/HUD_Textures/Custom_ProgressBars/Health_Tail_Bar/T_HUD_BAR_HealthOutline.uasset" 90
"../../../../../../Users/nle93/Documents/Unreal Projects/IrinAndTheAbyss/Content/Blueprints/HUD/HUD_Textures/Custom_ProgressBars/Health_Tail_Bar/T_HUD_BAR_StaminaOutline.uasset" 91
"../../../../../../Users/nle93/Documents/Unreal Projects/IrinAndTheAbyss/Content/Blueprints/HUD/HUD_Widgets/HUD_Meters.uasset" 92
"../../../../../../Users/nle93/Documents/Unreal Projects/IrinAndTheAbyss/Content/Levels/MainMenu/Menu_Assets/MA_Custom_Buttons.uasset" 93
"../../../../../../Users/nle93/Documents/Unreal Projects/IrinAndTheAbyss/Content/Blueprints/Menu/Menu_AYS.uasset" 94
"../../../../../../Users/nle93/Documents/Unreal Projects/IrinAndTheAbyss/Content/Blueprints/Menu/Menu_Pause.uasset" 95
"../../../../../../Users/nle93/Documents/Unreal Projects/IrinAndTheAbyss/Content/Levels/SuperGrid/StarterPack/Materials/Functions/Texture/Dye_SingleColor.uasset" 96
"../../../../../../Users/nle93/Documents/Unreal Projects/IrinAndTheAbyss/Content/Levels/SuperGrid/StarterPack/Materials/Base/M_SuperGrid_SingleColor.uasset" 97
"../../../../../../Users/nle93/Documents/Unreal Projects/IrinAndTheAbyss/Content/Levels/SuperGrid/StarterPack/Materials/Palette/Grids/M_SuperGrid_Default.uasset" 98
"../../../../../../Users/nle93/Documents/Unreal Projects/IrinAndTheAbyss/Content/Levels/SuperGrid/StarterPack/Source/Meshes/SuperGrid_CylinderFull.uasset" 99
"../../../../../../Users/nle93/Documents/Unreal Projects/IrinAndTheAbyss/Content/Levels/SuperGrid/TutorialLevel/Utility/Materials/M_Utility_Helper.uasset" 100
"../../../../../../Users/nle93/Documents/Unreal Projects/IrinAndTheAbyss/Content/Levels/SuperGrid/TutorialLevel/Utility/Meshes/Utility_ExclamationMark.uasset" 101
"../../../../../../Users/nle93/Documents/Unreal Projects/IrinAndTheAbyss/Content/Blueprints/Animals/Irin/Testing_Character.uasset" 102
"../../../../../../Users/nle93/Documents/Unreal Projects/IrinAndTheAbyss/Content/Blueprints/HUD/HUD_Textures/PlaceHolders/Texture_CrossHare.uasset" 103
"../../../../../../Users/nle93/Documents/Unreal Projects/IrinAndTheAbyss/Content/Blueprints/HUD/HUD_Textures/Custom_ProgressBars/T_HUD_Circlev2.uasset" 104
"../../../../../../Users/nle93/Documents/Unreal Projects/IrinAndTheAbyss/Content/Blueprints/HUD/HUD_Materials/M_HUD_MTR_Circle.uasset" 105
"../../../../../../Users/nle93/Documents/Unreal Projects/IrinAndTheAbyss/Content/Blueprints/HUD/HUD_Widgets/HUD_Meter_Circle.uasset" 106
"../../../../../../Users/nle93/Documents/Unreal Projects/IrinAndTheAbyss/Content/Blueprints/HUD/HUD_Widgets/HUD_Pickup.uasset" 107
"../../../../../../Users/nle93/Documents/Unreal Projects/IrinAndTheAbyss/Content/Blueprints/HUD/HUD_Textures/PlaceHolders/T_Rabbent.uasset" 108
"../../../../../../Users/nle93/Documents/Unreal Projects/IrinAndTheAbyss/Content/Blueprints/HUD/HUD_Textures/PlaceHolders/T_Rabbent_Low.uasset" 109
"../../../../../../Users/nle93/Documents/Unreal Projects/IrinAndTheAbyss/Content/Blueprints/HUD/HUD_Widgets/HUD_Rabbent.uasset" 110
"../../../../../../Users/nle93/Documents/Unreal Projects/IrinAndTheAbyss/Content/Blueprints/HUD/HUD_Widgets/HUD_Main.uasset" 111
"../../../../../../Users/nle93/Documents/Unreal Projects/IrinAndTheAbyss/Content/Blueprints/Animals/Irin/Test_Character_Controller.uasset" 112
"../../../../../../Users/nle93/Documents/Unreal Projects/IrinAndTheAbyss/Content/Blueprints/Test_Sandbox_Gamemode.uasset" 113
"../../../../../../Users/nle93/Documents/Unreal Projects/IrinAndTheAbyss/Content/Blueprints/Animals/TestingBPs/AnimalBase.uasset" 114
"../../../../../../Users/nle93/Documents/Unreal Projects/IrinAndTheAbyss/Content/Blueprints/Animals/AnimalBase.uasset" 115
"../../../Engine/Content/BasicShapes/BasicShapeMaterial.uasset" 116
"../../../Engine/Content/Functions/Engine_MaterialFunctions01/Opacity/CameraDepthFade.uasset" 117
"../../../Engine/Content/EngineMaterials/T_Default_Material_Grid_M.uasset" 118
"../../../Engine/Content/EngineMaterials/T_Default_Material_Grid_N.uasset" 119
"../../../Engine/Content/EngineMaterials/DefaultMaterial.uasset" 120
"../../../Engine/Content/BasicShapes/Cylinder.uasset" 121
"../../../../../../Users/nle93/Documents/Unreal Projects/IrinAndTheAbyss/Content/Blueprints/Animals/TestingBPs/AnimalQuadBase.uasset" 122
"../../../../../../Users/nle93/Documents/Unreal Projects/IrinAndTheAbyss/Content/Blueprints/Animals/AnimalQuadBase.uasset" 123
"../../../../../../Users/nle93/Documents/Unreal Projects/IrinAndTheAbyss/Content/Blueprints/Animals/TempBlueprint.uasset" 124
"../../../../../../Users/nle93/Documents/Unreal Projects/IrinAndTheAbyss/Content/Blueprints/Animals/AnimalCharacterBase.uasset" 125
"../../../../../../Users/nle93/Documents/Unreal Projects/IrinAndTheAbyss/Content/Blueprints/Animals/Irin/Irin.uasset" 126
"../../../../../../Users/nle93/Documents/Unreal Projects/IrinAndTheAbyss/Content/Blueprints/HUD/HUD_Textures/PlaceHolders/FirstPersonCrosshair.uasset" 127
"../../../../../../Users/nle93/Documents/Unreal Projects/IrinAndTheAbyss/Content/Blueprints/HUD/HUD_Textures/FirstPersonCrosshair.uasset" 128
"../../../../../../Users/nle93/Documents/Unreal Projects/IrinAndTheAbyss/Content/Blueprints/HUD/HUD_Textures/HUD_Meters.uasset" 129
"../../../../../../Users/nle93/Documents/Unreal Projects/IrinAndTheAbyss/Content/Blueprints/HUD/HUD_Textures/HUD_Meters_C.uasset" 130
"../../../../../../Users/nle93/Documents/Unreal Projects/IrinAndTheAbyss/Content/Blueprints/HUD/HUD_Textures/Custom_ProgressBars/irin_stamina_bar_N8Test_Ruler.uasset" 131
"../../../../../../Users/nle93/Documents/Unreal Projects/IrinAndTheAbyss/Content/Blueprints/HUD/HUD_Textures/irin_stamina_bar_N8Test_Ruler.uasset" 132
"../../../../../../Users/nle93/Documents/Unreal Projects/IrinAndTheAbyss/Content/Blueprints/HUD/HUD_Textures/Custom_ProgressBars/irin_tail_health_Ruler.uasset" 133
"../../../../../../Users/nle93/Documents/Unreal Projects/IrinAndTheAbyss/Content/Blueprints/HUD/HUD_Textures/irin_tail_health_Ruler.uasset" 134
"../../../../../../Users/nle93/Documents/Unreal Projects/IrinAndTheAbyss/Content/Blueprints/HUD/HUD_Textures/M_HUD_MTR_Stamina.uasset" 135
"../../../../../../Users/nle93/Documents/Unreal Projects/IrinAndTheAbyss/Content/Blueprints/HUD/HUD_Textures/Texture_CrossHare.uasset" 136
"../../../../../../Users/nle93/Documents/Unreal Projects/IrinAndTheAbyss/Content/Blueprints/HUD/HUD_Textures/PlaceHolders/T_Energy.uasset" 137
"../../../../../../Users/nle93/Documents/Unreal Projects/IrinAndTheAbyss/Content/Blueprints/HUD/HUD_Textures/T_Energy.uasset" 138
"../../../../../../Users/nle93/Documents/Unreal Projects/IrinAndTheAbyss/Content/Blueprints/HUD/HUD_Textures/PlaceHolders/T_Grass.uasset" 139
"../../../../../../Users/nle93/Documents/Unreal Projects/IrinAndTheAbyss/Content/Blueprints/HUD/HUD_Textures/T_Grass.uasset" 140
"../../../../../../Users/nle93/Documents/Unreal Projects/IrinAndTheAbyss/Content/Blueprints/HUD/HUD_Textures/T_HUD_BAR_Food_Placement.uasset" 141
"../../../../../../Users/nle93/Documents/Unreal Projects/IrinAndTheAbyss/Content/Blueprints/HUD/HUD_Textures/T_HUD_BAR_GrassBlade_1.uasset" 142
"../../../../../../Users/nle93/Documents/Unreal Projects/IrinAndTheAbyss/Content/Blueprints/HUD/HUD_Textures/T_HUD_BAR_GrassBlade_2.uasset" 143
"../../../../../../Users/nle93/Documents/Unreal Projects/IrinAndTheAbyss/Content/Blueprints/HUD/HUD_Textures/T_HUD_BAR_GrassBlade_3.uasset" 144
"../../../../../../Users/nle93/Documents/Unreal Projects/IrinAndTheAbyss/Content/Blueprints/HUD/HUD_Textures/T_HUD_BAR_HealthOutline.uasset" 145
"../../../../../../Users/nle93/Documents/Unreal Projects/IrinAndTheAbyss/Content/Blueprints/HUD/HUD_Textures/T_HUD_BAR_StaminaOutline.uasset" 146
"../../../../../../Users/nle93/Documents/Unreal Projects/IrinAndTheAbyss/Content/Blueprints/HUD/HUD_Textures/T_Rabbent.uasset" 147
"../../../../../../Users/nle93/Documents/Unreal Projects/IrinAndTheAbyss/Content/Blueprints/HUD/HUD_Textures/T_Rabbent_Low.uasset" 148
"../../../../../../Users/nle93/Documents/Unreal Projects/IrinAndTheAbyss/Content/Blueprints/HUD/HUD_Textures/PlaceHolders/T_Water.uasset" 149
"../../../../../../Users/nle93/Documents/Unreal Projects/IrinAndTheAbyss/Content/Blueprints/HUD/HUD_Textures/T_Water.uasset" 150
"../../../../../../Users/nle93/Documents/Unreal Projects/IrinAndTheAbyss/Content/Blueprints/HUD/HUD_Textures/Custom_ProgressBars/T_HUD_BAR_CircleGage.uasset" 151
"../../../../../../Users/nle93/Documents/Unreal Projects/IrinAndTheAbyss/Content/Blueprints/HUD/HUD_Textures/Custom_ProgressBars/T_HUD_Circle.uasset" 152
"../../../../../../Users/nle93/Documents/Unreal Projects/IrinAndTheAbyss/Content/Props/Textures/Texture_TreeCutoff.uasset" 153
"../../../../../../Users/nle93/Documents/Unreal Projects/IrinAndTheAbyss/Content/Blueprints/HUD/HUD_Widgets/HUD_TrueCenter.uasset" 154
"../../../../../../Users/nle93/Documents/Unreal Projects/IrinAndTheAbyss/Content/Blueprints/Menu/S_PauseMenu_Exit.uasset" 155
"../../../../../../Users/nle93/Documents/Unreal Projects/IrinAndTheAbyss/Content/Blueprints/Menu/S_PauseMenu_MainMenu.uasset" 156
"../../../../../../Users/nle93/Documents/Unreal Projects/IrinAndTheAbyss/Content/Blueprints/Menu/S_PauseMenu_Resume.uasset" 157
"../../../../../../Users/nle93/Documents/Unreal Projects/IrinAndTheAbyss/Content/Blueprints/Menu/S_PauseMenu_Secert.uasset" 158
"../../../../../../Users/nle93/Documents/Unreal Projects/IrinAndTheAbyss/Content/Blueprints/Menu/S_PauseMenu_Settings.uasset" 159
"../../../../../../Users/nle93/Documents/Unreal Projects/IrinAndTheAbyss/Content/Blueprints/UI/HUD/HUD_Craft.uasset" 160
"../../../../../../Users/nle93/Documents/Unreal Projects/IrinAndTheAbyss/Content/Blueprints/UI/HUD/HUD_Pickup.uasset" 161
"../../../../../../Users/nle93/Documents/Unreal Projects/IrinAndTheAbyss/Content/Blueprints/UI/UI_Textures/PlaceHolders/T_Rabbent.uasset" 162
"../../../../../../Users/nle93/Documents/Unreal Projects/IrinAndTheAbyss/Content/Blueprints/UI/UI_Textures/PlaceHolders/T_Rabbent_Low.uasset" 163
"../../../../../../Users/nle93/Documents/Unreal Projects/IrinAndTheAbyss/Content/Blueprints/UI/HUD/HUD_Rabbent.uasset" 164
"../../../../../../Users/nle93/Documents/Unreal Projects/IrinAndTheAbyss/Content/Blueprints/UI/HUD/HUD_TrueCenter.uasset" 165
"../../../../../../Users/nle93/Documents/Unreal Projects/IrinAndTheAbyss/Content/Blueprints/UI/Menu/Menu_AYS.uasset" 166
"../../../../../../Users/nle93/Documents/Unreal Projects/IrinAndTheAbyss/Content/Blueprints/UI/Menu/Menu_Pause.uasset" 167
"../../../../../../Users/nle93/Documents/Unreal Projects/IrinAndTheAbyss/Content/Blueprints/UI/UI_Textures/HUD_Meters.uasset" 168
"../../../../../../Users/nle93/Documents/Unreal Projects/IrinAndTheAbyss/Content/Blueprints/UI/UI_Textures/PlaceHolders/FirstPersonCrosshair.uasset" 169
"../../../../../../Users/nle93/Documents/Unreal Projects/IrinAndTheAbyss/Content/Blueprints/UI/UI_Textures/PlaceHolders/Texture_CrossHare.uasset" 170
"../../../../../../Users/nle93/Documents/Unreal Projects/IrinAndTheAbyss/Content/Blueprints/UI/UI_Textures/PlaceHolders/T_Energy.uasset" 171
"../../../../../../Users/nle93/Documents/Unreal Projects/IrinAndTheAbyss/Content/Blueprints/UI/UI_Textures/PlaceHolders/T_Grass.uasset" 172
"../../../../../../Users/nle93/Documents/Unreal Projects/IrinAndTheAbyss/Content/Blueprints/UI/UI_Textures/PlaceHolders/T_Water.uasset" 173
"../../../../../../Users/nle93/Documents/Unreal Projects/IrinAndTheAbyss/Content/Levels/TestingMap.uasset" 174
"../../../../../../Users/nle93/Documents/Unreal Projects/IrinAndTheAbyss/Content/Levels/TestMap_BuiltData.uasset" 175
"../../../../../../Users/nle93/Documents/Unreal Projects/IrinAndTheAbyss/Content/Levels/TestingMap_BuiltData.uasset" 176
"../../../../../../Users/nle93/Documents/Unreal Projects/IrinAndTheAbyss/Content/Levels/BluePrints/Test_DamageBox.uasset" 177
"../../../../../../Users/nle93/Documents/Unreal Projects/IrinAndTheAbyss/Content/Levels/Test_DamageBox.uasset" 178
"../../../../../../Users/nle93/Documents/Unreal Projects/IrinAndTheAbyss/Content/Levels/MainMenu/Menu_Transitions/MT_Fade.uasset" 179
"../../../../../../Users/nle93/Documents/Unreal Projects/IrinAndTheAbyss/Content/Levels/MainMenu/MM_Fade.uasset" 180
"../../../../../../Users/nle93/Documents/Unreal Projects/IrinAndTheAbyss/Content/Levels/MainMenu/MM_Settings.uasset" 181
"../../../../../../Users/nle93/Documents/Unreal Projects/IrinAndTheAbyss/Content/Levels/MainMenu/Menu_Assets/MA_Custom_ProgressBar.uasset" 182
"../../../../../../Users/nle93/Documents/Unreal Projects/IrinAndTheAbyss/Content/Levels/SuperGrid/StarterPack/Materials/Functions/Basic/Layout_LocalSides.uasset" 183
"../../../../../../Users/nle93/Documents/Unreal Projects/IrinAndTheAbyss/Content/Levels/SuperGrid/StarterPack/Materials/Functions/Basic/Layout_WorldSides.uasset" 184
"../../../../../../Users/nle93/Documents/Unreal Projects/IrinAndTheAbyss/Content/Levels/SuperGrid/StarterPack/Materials/Functions/Texture/Dye_4ColorBasic.uasset" 185
"../../../../../../Users/nle93/Documents/Unreal Projects/IrinAndTheAbyss/Content/Levels/SuperGrid/StarterPack/Materials/Functions/UV/UV_CustomPanner.uasset" 186
"../../../../../../Users/nle93/Documents/Unreal Projects/IrinAndTheAbyss/Content/Levels/SuperGrid/StarterPack/Materials/Functions/UV/UV_WorldScalable.uasset" 187
"../../../../../../Users/nle93/Documents/Unreal Projects/IrinAndTheAbyss/Content/Levels/SuperGrid/StarterPack/Materials/Palette/Grids/M_SuperGrid_Custom_Green.uasset" 188
"../../../../../../Users/nle93/Documents/Unreal Projects/IrinAndTheAbyss/Content/Levels/SuperGrid/StarterPack/Materials/Palette/Grids/M_SuperGrid_Custom.uasset" 189
"../../../../../../Users/nle93/Documents/Unreal Projects/IrinAndTheAbyss/Content/Levels/SuperGrid/StarterPack/Materials/Palette/Grids/M_SuperGrid_Walkable_Custom_Blank.uasset" 190
"../../../../../../Users/nle93/Documents/Unreal Projects/IrinAndTheAbyss/Content/Levels/SuperGrid/StarterPack/Materials/Palette/Grids/M_SuperGrid_Custom_Blank.uasset" 191
"../../../../../../Users/nle93/Documents/Unreal Projects/IrinAndTheAbyss/Content/Levels/SuperGrid/StarterPack/Materials/Palette/Grids/M_SuperGrid_Custom_Orange.uasset" 192
"../../../../../../Users/nle93/Documents/Unreal Projects/IrinAndTheAbyss/Content/Levels/SuperGrid/StarterPack/Source/Meshes/SuperGrid_RingFull.uasset" 193
"../../../../../../Users/nle93/Documents/Unreal Projects/IrinAndTheAbyss/Content/Levels/SuperGrid/StarterPack/Source/Textures/T_Plate_M.uasset" 194
"../../../../../../Users/nle93/Documents/Unreal Projects/IrinAndTheAbyss/Content/Levels/SuperGrid/StarterPack/Source/Textures/T_Plate_N.uasset" 195
"../../../Engine/Content/EngineMaterials/WorldGridMaterial.uasset" 196
"../../../../../../Users/nle93/Documents/Unreal Projects/IrinAndTheAbyss/Content/Props/Meshes/MaterialSphere.uasset" 197
"../../../../../../Users/nle93/Documents/Unreal Projects/IrinAndTheAbyss/Content/Props/Item_Prop.uasset" 198
"../../../Engine/Content/Functions/Engine_MaterialFunctions02/Utility/BlendAngleCorrectedNormals.uasset" 199
"../../../../../../Users/nle93/Documents/Unreal Projects/IrinAndTheAbyss/Content/Props/Textures/T_Detail_Rocky_N.uasset" 200
"../../../../../../Users/nle93/Documents/Unreal Projects/IrinAndTheAbyss/Content/Props/Textures/T_Rock_Basalt_D.uasset" 201
"../../../../../../Users/nle93/Documents/Unreal Projects/IrinAndTheAbyss/Content/Props/Textures/T_RockMesh_M.uasset" 202
"../../../../../../Users/nle93/Documents/Unreal Projects/IrinAndTheAbyss/Content/Props/Textures/T_RockMesh_N.uasset" 203
"../../../../../../Users/nle93/Documents/Unreal Projects/IrinAndTheAbyss/Content/Props/Materials/M_Rock.uasset" 204
"../../../../../../Users/nle93/Documents/Unreal Projects/IrinAndTheAbyss/Content/Props/Meshes/SM_Rock.uasset" 205
"../../../Engine/Content/Animation/DefaultAnimCurveCompressionSettings.uasset" 206
"../../../Engine/Content/ArtTools/RenderToTexture/Meshes/S_1_Unit_Plane.uasset" 207
"../../../Engine/Content/BasicShapes/Cone.uasset" 208
"../../../Engine/Content/BasicShapes/Cube.uasset" 209
"../../../Engine/Content/BasicShapes/Plane.uasset" 210
"../../../Engine/Content/BasicShapes/Sphere.uasset" 211
"../../../Engine/Content/EditorLandscapeResources/DataLayer.uasset" 212
"../../../Engine/Content/EditorMaterials/MAT_Groups_Toggle.uasset" 213
"../../../Engine/Content/EditorMaterials/MAT_Groups_Visibility.uasset" 214
"../../../Engine/Content/EditorMaterials/PreviewShadowIndicator.uasset" 215
"../../../Engine/Content/EditorMaterials/PreviewShadowIndicatorMaterial.uasset" 216
"../../../Engine/Content/EditorMaterials/MatineeGroups/MAT_ColorTrack.uasset" 217
"../../../Engine/Content/EditorMaterials/MatineeGroups/MAT_Groups_Anim.uasset" 218
"../../../Engine/Content/EditorMaterials/MatineeGroups/MAT_Groups_AudioMaster.uasset" 219
"../../../Engine/Content/EditorMaterials/MatineeGroups/MAT_Groups_Director.uasset" 220
"../../../Engine/Content/EditorMaterials/MatineeGroups/MAT_Groups_Event.uasset" 221
"../../../Engine/Content/EditorMaterials/MatineeGroups/MAT_Groups_Fade.uasset" 222
"../../../Engine/Content/EditorMaterials/MatineeGroups/MAT_Groups_Float.uasset" 223
"../../../Engine/Content/EditorMaterials/MatineeGroups/MAT_Groups_Move.uasset" 224
"../../../Engine/Content/EditorMaterials/MatineeGroups/MAT_Groups_Slomo.uasset" 225
"../../../Engine/Content/EditorMaterials/MatineeGroups/MAT_Groups_Sound.uasset" 226
"../../../Engine/Content/EditorMaterials/MatineeGroups/MAT_Groups_Vector.uasset" 227
"../../../Engine/Content/EditorMaterials/ParticleSystems/PSysThumbnail_NoImage.uasset" 228
"../../../Engine/Content/EditorMaterials/ParticleSystems/PSysThumbnail_OOD.uasset" 229
"../../../Engine/Content/EditorMaterials/Camera/CineMat.uasset" 230
"../../../Engine/Content/EditorMaterials/Camera/MI_CineMat_Rig.uasset" 231
"../../../Engine/Content/EditorMeshes/Camera/SM_CraneRig_Arm.uasset" 232
"../../../Engine/Content/EditorMeshes/Camera/SM_CraneRig_Base.uasset" 233
"../../../Engine/Content/EditorMeshes/Camera/SM_CraneRig_Body.uasset" 234
"../../../Engine/Content/EditorMeshes/Camera/SM_CraneRig_Mount.uasset" 235
"../../../Engine/Content/EditorMeshes/Camera/SM_RailRig_Mount.uasset" 236
"../../../Engine/Content/EditorMeshes/Camera/SM_RailRig_Track.uasset" 237
"../../../Engine/Content/EditorResources/BSPVertex.uasset" 238
"../../../Engine/Content/EditorResources/EmptyActor.uasset" 239
"../../../Engine/Content/EditorResources/S_Actor.uasset" 240
"../../../Engine/Content/EditorResources/S_Note.uasset" 241
"../../../Engine/Content/EditorResources/S_Solver.uasset" 242
"../../../Engine/Content/EditorResources/S_Trigger.uasset" 243
"../../../Engine/Content/EditorResources/LightIcons/S_LightError.uasset" 244
"../../../Engine/Content/EditorResources/SequenceRecorder/Countdown.uasset" 245
"../../../Engine/Content/EditorResources/SequenceRecorder/RecordingIndicator.uasset" 246
"../../../Engine/Content/EditorSounds/Notifications/CompileFailed.uasset" 247
"../../../Engine/Content/EditorSounds/Notifications/CompileFailed_Cue.uasset" 248
"../../../Engine/Content/EditorSounds/Notifications/CompileSuccess.uasset" 249
"../../../Engine/Content/EditorSounds/Notifications/CompileStart_Cue.uasset" 250
"../../../Engine/Content/EditorSounds/Notifications/CompileSuccess_Cue.uasset" 251
"../../../Engine/Content/EngineDamageTypes/DmgTypeBP_Environmental.uasset" 252
"../../../Engine/Content/EngineDebugMaterials/DebugEditorMaterial.uasset" 253
"../../../Engine/Content/EngineDebugMaterials/DebugMeshMaterial.uasset" 254
"../../../Engine/Content/EngineDebugMaterials/M_SimpleUnlitTranslucent.uasset" 255
"../../../Engine/Content/Functions/Engine_MaterialFunctions02/Utility/CameraDirectionVector.uasset" 256
"../../../Engine/Content/EngineDebugMaterials/VolumeToRender.uasset" 257
"../../../Engine/Content/EngineDebugMaterials/M_VolumeRenderSphereTracePP.uasset" 258
"../../../Engine/Content/EngineDebugMaterials/WireframeMaterial.uasset" 259
"../../../Engine/Content/EngineFonts/Faces/DroidSansFallback.uasset" 260
"../../../Engine/Content/EngineFonts/Faces/RobotoBold.uasset" 261
"../../../Engine/Content/EngineFonts/Faces/RobotoBoldItalic.uasset" 262
"../../../Engine/Content/EngineFonts/Faces/RobotoItalic.uasset" 263
"../../../Engine/Content/EngineFonts/Faces/RobotoLight.uasset" 264
"../../../Engine/Content/EngineFonts/Faces/RobotoRegular.uasset" 265
"../../../Engine/Content/EngineFonts/Roboto.uasset" 266
"../../../Engine/Content/EngineMaterials/BaseFlattenDiffuseMap.uasset" 267
"../../../Engine/Content/EngineMaterials/BaseFlattenEmissiveMap.uasset" 268
"../../../Engine/Content/EngineMaterials/BaseFlattenGrayscaleMap.uasset" 269
"../../../Engine/Content/EngineMaterials/BaseFlattenNormalMap.uasset" 270
"../../../Engine/Content/EngineMaterials/BaseFlattenMaterial.uasset" 271
"../../../Engine/Content/EngineMaterials/BlueNoise.uasset" 272
"../../../Engine/Content/EngineMaterials/DefaultBloomKernel.uasset" 273
"../../../Engine/Content/EngineMaterials/DefaultBokeh.uasset" 274
"../../../Engine/Content/EngineMaterials/DefaultDiffuse.uasset" 275
"../../../Engine/Content/EngineMaterials/DefaultDeferredDecalMaterial.uasset" 276
"../../../Engine/Content/EngineMaterials/DefaultLightFunctionMaterial.uasset" 277
"../../../Engine/Content/Functions/Engine_MaterialFunctions02/Utility/BreakOutFloat2Components.uasset" 278
"../../../Engine/Content/EngineMaterials/DefaultPostProcessMaterial.uasset" 279
"../../../Engine/Content/EngineFonts/RobotoDistanceField.uasset" 280
"../../../Engine/Content/EngineMaterials/DefaultTextMaterialOpaque.uasset" 281
"../../../Engine/Content/EngineMaterials/DefaultWhiteGrid.uasset" 282
"../../../Engine/Content/EngineMaterials/DefaultWhiteGrid_Low.uasset" 283
"../../../Engine/Content/EngineMaterials/EmissiveMeshMaterial.uasset" 284
"../../../Engine/Content/EngineMaterials/GizmoMaterial.uasset" 285
"../../../Engine/Content/EngineMaterials/Good64x64TilingNoiseHighFreq.uasset" 286
"../../../Engine/Content/EngineMaterials/MiniFont.uasset" 287
"../../../Engine/Content/EngineMaterials/InvalidLightmapSettings.uasset" 288
"../../../Engine/Content/EngineMaterials/M_InvalidLightmapSettings.uasset" 289
"../../../Engine/Content/Functions/Engine_MaterialFunctions02/WorldPositionOffset/CameraOffset.uasset" 290
"../../../Engine/Content/EngineMaterials/PhAT_JointLimitMaterial.uasset" 291
"../../../Engine/Content/EngineMaterials/PreintegratedSkinBRDF.uasset" 292
"../../../Engine/Content/EngineMaterials/RemoveSurfaceMaterial.uasset" 293
"../../../Engine/Content/EngineMaterials/WeightMapPlaceholderTexture.uasset" 294
"../../../Engine/Content/EngineResources/WhiteSquareTexture.uasset" 295
"../../../Engine/Content/EngineMaterials/Widget3DPassThrough.uasset" 296
"../../../Engine/Content/EngineMaterials/Widget3DPassThrough_Masked.uasset" 297
"../../../Engine/Content/EngineMaterials/Widget3DPassThrough_Opaque.uasset" 298
"../../../Engine/Content/EngineMaterials/Widget3DPassThrough_Masked_OneSided.uasset" 299
"../../../Engine/Content/EngineMaterials/Widget3DPassThrough_Opaque_OneSided.uasset" 300
"../../../Engine/Content/EngineMaterials/Widget3DPassThrough_Translucent.uasset" 301
"../../../Engine/Content/EngineMaterials/Widget3DPassThrough_Translucent_OneSided.uasset" 302
"../../../Engine/Content/EngineMeshes/Cylinder.uasset" 303
"../../../Engine/Content/EngineMeshes/Sphere.uasset" 304
"../../../Engine/Content/EngineResources/Black.uasset" 305
"../../../Engine/Content/EngineResources/DefaultTexture.uasset" 306
"../../../Engine/Content/EngineResources/DefaultTextureCube.uasset" 307
"../../../Engine/Content/EngineResources/DefaultVolumeTexture2D.uasset" 308
"../../../Engine/Content/EngineResources/DefaultVolumeTexture.uasset" 309
"../../../Engine/Content/EngineResources/GradientTexture0.uasset" 310
"../../../Engine/Content/EngineSounds/Master.uasset" 311
"../../../Engine/Content/Functions/Engine_MaterialFunctions01/Shading/ConvertFromDiffSpec.uasset" 312
"../../../Engine/Content/Functions/Engine_MaterialFunctions01/Shading/PowerToRoughness.uasset" 313
"../../../Engine/Content/Maps/Templates/Thumbnails/Default.uasset" 314
"../../../Engine/Content/Maps/Templates/Thumbnails/TimeOfDay.uasset" 315
"../../../Engine/Content/Maps/Templates/Thumbnails/VR-Basic.uasset" 316
"../../../Engine/Content/MobileResources/T_MobileControls_texture.uasset" 317
"../../../Engine/Content/MobileResources/T_MobileMenu2.uasset" 318
"../../../Engine/Content/MobileResources/HUD/AnalogHat.uasset" 319
"../../../Engine/Content/MobileResources/HUD/VirtualJoystick_Background.uasset" 320
"../../../Engine/Content/MobileResources/HUD/VirtualJoystick_Thumb.uasset" 321
"../../../Engine/Content/MobileResources/HUD/DefaultVirtualJoysticks.uasset" 322
"../../../Engine/Content/MobileResources/HUD/LeftVirtualJoystickOnly.uasset" 323
"../../../Engine/Content/MobileResources/HUD/MobileHUDButton1_off.uasset" 324
"../../../Engine/Content/MobileResources/HUD/MobileHUDButton1_on.uasset" 325
"../../../Engine/Content/MobileResources/HUD/MobileHUDButton2_off.uasset" 326
"../../../Engine/Content/MobileResources/HUD/MobileHUDButton2_on.uasset" 327
"../../../Engine/Content/MobileResources/HUD/MobileHUDButton3.uasset" 328
"../../../Engine/Content/MobileResources/HUD/MobileHUDButtonFire.uasset" 329
"../../../Engine/Content/MobileResources/HUD/MobileHUDDirectionPad.uasset" 330
"../../../Engine/Content/MobileResources/HUD/MobileHUDDirectionPad2.uasset" 331
"../../../Engine/Content/MobileResources/HUD/MobileHUDDirectionPad3.uasset" 332
"../../../Engine/Content/MobileResources/HUD/MobileHUDDirectionStick.uasset" 333
"../../../Engine/Content/MobileResources/HUD/T_Castle_ThumbstickInner.uasset" 334
"../../../Engine/Content/MobileResources/HUD/T_Castle_ThumbstickOutter.uasset" 335
"../../../Engine/Content/Tutorial/ContentIntroCurve.uasset" 336
"../../../Engine/Content/Tutorial/Basics/LevelEditorAttract.uasset" 337
"../../../Engine/Content/VREditor/LaserPointer/VR_LaserPower_01.uasset" 338
"../../../Engine/Content/VREditor/TransformGizmo/TransformGizmoMaterial.uasset" 339
"../../../Engine/Content/VREditor/TransformGizmo/TranslucentTransformGizmoMaterial.uasset" 340
"../../../Engine/Content/VREditor/TransformGizmo/BoundingBoxCorner.uasset" 341
"../../../Engine/Content/VREditor/TransformGizmo/BoundingBoxEdge.uasset" 342
"../../../Engine/Content/VREditor/TransformGizmo/PlaneTranslationHandle.uasset" 343
"../../../Engine/Content/VREditor/TransformGizmo/Main.uasset" 344
"../../../Engine/Content/VREditor/TransformGizmo/Xray.uasset" 345
"../../../Engine/Content/VREditor/TransformGizmo/SM_Sequencer_Key.uasset" 346
"../../../Engine/Content/VREditor/TransformGizmo/SM_Sequencer_Node.uasset" 347
"../../Plugins/2D/Paper2D/Content/PlaceholderTextures/DummySpriteTexture.uasset" 348
"../../Plugins/2D/Paper2D/Content/DummySprite.uasset" 349
"../../Plugins/2D/Paper2D/Content/DefaultPaperTerrainMaterial.uasset" 350
"../../Plugins/2D/Paper2D/Content/DefaultSpriteMaterial.uasset" 351
"../../Plugins/2D/Paper2D/Content/MaskedUnlitSpriteMaterial.uasset" 352
"../../Plugins/2D/Paper2D/Content/OpaqueUnlitSpriteMaterial.uasset" 353
"../../Plugins/FX/Niagara/Content/Enums/ENiagaraBooleanLogicOps.uasset" 354
"../../Plugins/FX/Niagara/Content/Enums/ENiagaraCoordinateSpace.uasset" 355
"../../Plugins/FX/Niagara/Content/Enums/ENiagaraExpansionMode.uasset" 356
"../../Plugins/FX/Niagara/Content/Enums/ENiagaraOrientationAxis.uasset" 357
"../../Plugins/FX/Niagara/Content/Enums/ENiagaraRandomnessMode.uasset" 358
"../../../Engine/Content/Functions/Engine_MaterialFunctions02/Utility/BreakOutFloat4Components.uasset" 359
"../../../Engine/Content/Functions/Engine_MaterialFunctions02/Utility/MakeFloat2.uasset" 360
"../../Plugins/Runtime/Oculus/OculusVR/Content/Materials/OculusMR_ChromaKey.uasset" 361
"../../Plugins/Runtime/Oculus/OculusVR/Content/Materials/OculusMR_ChromaKey_Lit.uasset" 362
"../../Plugins/Runtime/Oculus/OculusVR/Content/Materials/OculusMR_OpaqueColoredMaterial.uasset" 363
"../../Plugins/Runtime/Oculus/OculusVR/Content/Materials/OculusMR_WhiteMaterial.uasset" 364
"../../../Engine/Content/EngineSky/C_Sky_Cloud_Color.uasset" 365
"../../../Engine/Content/EngineSky/C_Sky_Horizon_Color.uasset" 366
"../../../Engine/Content/EngineSky/C_Sky_Zenith_Color.uasset" 367
"../../../Engine/Content/EngineSky/T_Sky_Blue.uasset" 368
"../../../Engine/Content/EngineSky/T_Sky_Clouds_M.uasset" 369
"../../../Engine/Content/EngineSky/T_Sky_Stars.uasset" 370
"../../../Engine/Content/EngineSky/M_Sky_Panning_Clouds2.uasset" 371
"../../../Engine/Content/EngineSky/SM_SkySphere.uasset" 372
"../../../Engine/Content/EngineSky/BP_Sky_Sphere.uasset" 373
"../../../Engine/Content/Functions/Engine_MaterialFunctions01/WorldPositionOffset/SimpleGrassWind.uasset" 374
"../../../../../../Users/nle93/Documents/Unreal Projects/IrinAndTheAbyss/Content/Art/Environment/Textures/grass_color.uasset" 375
"../../../../../../Users/nle93/Documents/Unreal Projects/IrinAndTheAbyss/Content/Art/Environment/Models/grass_plane_shader.uasset" 376
"../../../../../../Users/nle93/Documents/Unreal Projects/IrinAndTheAbyss/Content/Art/Environment/Models/grass.uasset" 377
"../../../../../../Users/nle93/Documents/Unreal Projects/IrinAndTheAbyss/Content/Blueprints/Sound/s_grass_eat.uasset" 378
"../../../../../../Users/nle93/Documents/Unreal Projects/IrinAndTheAbyss/Content/Blueprints/Sound/s_grass_plucked.uasset" 379
"../../../../../../Users/nle93/Documents/Unreal Projects/IrinAndTheAbyss/Content/Blueprints/Items/ItemRework/Foods/Item_Grass.uasset" 380
"../../../../../../Users/nle93/Documents/Unreal Projects/IrinAndTheAbyss/Content/Blueprints/Items/ItemRework/Item_Grass.uasset" 381
"../../../../../../Users/nle93/Documents/Unreal Projects/IrinAndTheAbyss/Content/Blueprints/Items/ItemRework/Objects/RockItem.uasset" 382
"../../../../../../Users/nle93/Documents/Unreal Projects/IrinAndTheAbyss/Content/Blueprints/Items/ItemRework/RockItem.uasset" 383
"../../../Engine/Content/Functions/Engine_MaterialFunctions02/HueShift.uasset" 384
"../../../../../../Users/nle93/Documents/Unreal Projects/IrinAndTheAbyss/Content/Props/Textures/Tiling_Texture_Tree_1.uasset" 385
"../../../../../../Users/nle93/Documents/Unreal Projects/IrinAndTheAbyss/Content/Props/Materials/treeFallenMat.uasset" 386
"../../../../../../Users/nle93/Documents/Unreal Projects/IrinAndTheAbyss/Content/Props/Materials/treeFallenMat2.uasset" 387
"../../../../../../Users/nle93/Documents/Unreal Projects/IrinAndTheAbyss/Content/Props/Meshes/M_TreeFallen.uasset" 388
"../../../../../../Users/nle93/Documents/Unreal Projects/IrinAndTheAbyss/Content/Blueprints/Items/ItemRework/Objects/StickItem.uasset" 389
"../../../../../../Users/nle93/Documents/Unreal Projects/IrinAndTheAbyss/Content/Blueprints/Items/ItemRework/StickItem.uasset" 390
"../../../../../../Users/nle93/Documents/Unreal Projects/IrinAndTheAbyss/Content/Blueprints/Items/OBJ_Exclamation.uasset" 391
"../../../../../../Users/nle93/Documents/Unreal Projects/IrinAndTheAbyss/Content/Levels/SuperGrid/TutorialLevel/Utility/Materials/M_Utility_FavIcon.uasset" 392
"../../../../../../Users/nle93/Documents/Unreal Projects/IrinAndTheAbyss/Content/Levels/SuperGrid/TutorialLevel/Utility/Meshes/SM_Star.uasset" 393
"../../../../../../Users/nle93/Documents/Unreal Projects/IrinAndTheAbyss/Content/Blueprints/Items/OBJ_Star.uasset" 394
"../../../../../../Users/nle93/Documents/Unreal Projects/IrinAndTheAbyss/Content/Art/Environment/Models/GrassType.uasset" 395
"../../../../../../Users/nle93/Documents/Unreal Projects/IrinAndTheAbyss/Content/Levels/Map_MainMenu_BuiltData.uasset" 396
"../../../../../../Users/nle93/Documents/Unreal Projects/IrinAndTheAbyss/Content/Art/Environment/Textures/SlopeBlend.uasset" 397
"../../../../../../Users/nle93/Documents/Unreal Projects/IrinAndTheAbyss/Content/Art/Environment/Textures/grass_tile_texture.uasset" 398
"../../../../../../Users/nle93/Documents/Unreal Projects/IrinAndTheAbyss/Content/Art/Environment/Textures/rock_tile_texture.uasset" 399
"../../../../../../Users/nle93/Documents/Unreal Projects/IrinAndTheAbyss/Content/Art/Environment/Textures/TerrainMaterial.uasset" 400
"../../../Engine/Content/Functions/Engine_MaterialFunctions01/Texturing/ComputeMipLevel.uasset" 401
"../../../Engine/Content/Functions/Engine_MaterialFunctions02/Math/AddComponents.uasset" 402
"../../../Engine/Content/Functions/Engine_MaterialFunctions02/Math/MakeVectorsOrthogonal.uasset" 403
"../../../Engine/Content/Functions/Engine_MaterialFunctions02/Math/TimeWithSpeedVariable.uasset" 404
"../../../Engine/Content/Functions/Engine_MaterialFunctions02/Math/Transform3x3Matrix.uasset" 405
"../../../Engine/Content/Functions/Engine_MaterialFunctions02/Utility/LinearSine.uasset" 406
"../../../Engine/Content/EngineMaterials/DefaultNormal.uasset" 407
"../../../Engine/Content/Functions/Engine_MaterialFunctions02/ExampleContent/Textures/LowResBlurredNoise.uasset" 408
"../../../Engine/Content/Functions/Engine_MaterialFunctions02/Texturing/Flowmaps.uasset" 409
"../../../../../../Users/nle93/Documents/Unreal Projects/IrinAndTheAbyss/Content/Art/Environment/Textures/water_color_map.uasset" 410
"../../../../../../Users/nle93/Documents/Unreal Projects/IrinAndTheAbyss/Content/Art/Environment/Textures/water_normal_map.uasset" 411
"../../../../../../Users/nle93/Documents/Unreal Projects/IrinAndTheAbyss/Content/Art/Environment/Textures/WaterFlowMaterial.uasset" 412
"../../../Engine/Content/EngineMaterials/DefaultPhysicalMaterial.uasset" 413
"../../../../../../Users/nle93/Documents/Unreal Projects/IrinAndTheAbyss/Content/Art/Environment/Models/fixed_rock.uasset" 414
"../../../../../../Users/nle93/Documents/Unreal Projects/IrinAndTheAbyss/Content/Art/Environment/Models/M_Bush_1.uasset" 415
"../../../../../../Users/nle93/Documents/Unreal Projects/IrinAndTheAbyss/Content/Art/Environment/Textures/Texture_Pine_tree_1_stem.uasset" 416
"../../../../../../Users/nle93/Documents/Unreal Projects/IrinAndTheAbyss/Content/Art/Environment/Models/Stem_tree_pieces1Mat.uasset" 417
"../../../../../../Users/nle93/Documents/Unreal Projects/IrinAndTheAbyss/Content/Art/Environment/Models/M_Pine_tree_1_Stem_tree_pieces1.uasset" 418
"../../../../../../Users/nle93/Documents/Unreal Projects/IrinAndTheAbyss/Content/Art/Environment/Textures/Texture_PygmySax.uasset" 419
"../../../../../../Users/nle93/Documents/Unreal Projects/IrinAndTheAbyss/Content/Art/Environment/Models/Flower7Mat.uasset" 420
"../../../../../../Users/nle93/Documents/Unreal Projects/IrinAndTheAbyss/Content/Art/Environment/Models/M_PygmySax.uasset" 421
"../../../../../../Users/nle93/Documents/Unreal Projects/IrinAndTheAbyss/Content/Art/Environment/Textures/mountain_lillies_initialShadingGroup_BaseColor.uasset" 422
"../../../../../../Users/nle93/Documents/Unreal Projects/IrinAndTheAbyss/Content/Art/Environment/Models/initialShadingGroup.uasset" 423
"../../../../../../Users/nle93/Documents/Unreal Projects/IrinAndTheAbyss/Content/Art/Environment/Models/mountain_lillies.uasset" 424
"../../../../../../Users/nle93/Documents/Unreal Projects/IrinAndTheAbyss/Content/Art/Environment/Textures/Texture_Pine_tree_1_canopy.uasset" 425
"../../../../../../Users/nle93/Documents/Unreal Projects/IrinAndTheAbyss/Content/Art/Environment/Models/tree_pieces1_Canopy11Mat.uasset" 426
"../../../../../../Users/nle93/Documents/Unreal Projects/IrinAndTheAbyss/Content/Art/Environment/Models/SM_MERGED_M_Pine_tree_1_tree_pieces1_Canopy11_52.uasset" 427
"../../../../../../Users/nle93/Documents/Unreal Projects/IrinAndTheAbyss/Content/Art/Environment/Models/WaterPlaneMesh.uasset" 428
"../../../../../../Users/nle93/Documents/Unreal Projects/IrinAndTheAbyss/Content/Levels/MainMenu/MainMenu.uasset" 429
"../../../../../../Users/nle93/Documents/Unreal Projects/IrinAndTheAbyss/Content/Levels/Map_MainMenu.umap" 430
"../../../../../../Users/nle93/Documents/Unreal Projects/IrinAndTheAbyss/Content/Levels/TestMainMenuMap_BuiltData.uasset" 431
"../../../../../../Users/nle93/Documents/Unreal Projects/IrinAndTheAbyss/Content/Levels/SuperGrid/StarterPack/Materials/Functions/UV/UV_CustomTexture.uasset" 432
"../../../../../../Users/nle93/Documents/Unreal Projects/IrinAndTheAbyss/Content/Levels/SuperGrid/StarterPack/Source/Textures/Templates/T_TemplateGrid.uasset" 433
"../../../../../../Users/nle93/Documents/Unreal Projects/IrinAndTheAbyss/Content/Levels/SuperGrid/StarterPack/Materials/Base/M_SuperGrid_Template_Blank.uasset" 434
"../../../../../../Users/nle93/Documents/Unreal Projects/IrinAndTheAbyss/Content/Levels/SuperGrid/StarterPack/Source/Textures/T_ModernGrid_M.uasset" 435
"../../../../../../Users/nle93/Documents/Unreal Projects/IrinAndTheAbyss/Content/Levels/SuperGrid/StarterPack/Source/Textures/T_ModernGrid_N.uasset" 436
"../../../../../../Users/nle93/Documents/Unreal Projects/IrinAndTheAbyss/Content/Levels/SuperGrid/StarterPack/Materials/Base/M_SuperGrid_Modern.uasset" 437
"../../../../../../Users/nle93/Documents/Unreal Projects/IrinAndTheAbyss/Content/Levels/SuperGrid/StarterPack/Source/Textures/T_StoneGrid_M.uasset" 438
"../../../../../../Users/nle93/Documents/Unreal Projects/IrinAndTheAbyss/Content/Levels/SuperGrid/StarterPack/Source/Textures/T_StoneGrid_N.uasset" 439
"../../../../../../Users/nle93/Documents/Unreal Projects/IrinAndTheAbyss/Content/Levels/SuperGrid/StarterPack/Materials/Palette/Basic/M_SuperGrid_Soil.uasset" 440
"../../../../../../Users/nle93/Documents/Unreal Projects/IrinAndTheAbyss/Content/Levels/SuperGrid/StarterPack/Materials/Palette/Basic/M_SuperGrid_Stone.uasset" 441
"../../../../../../Users/nle93/Documents/Unreal Projects/IrinAndTheAbyss/Content/Levels/SuperGrid/StarterPack/Source/Textures/T_BasicGridW_M.uasset" 442
"../../../../../../Users/nle93/Documents/Unreal Projects/IrinAndTheAbyss/Content/Levels/SuperGrid/StarterPack/Materials/Palette/Grids/M_SuperGrid_Walkable.uasset" 443
"../../../../../../Users/nle93/Documents/Unreal Projects/IrinAndTheAbyss/Content/Levels/SuperGrid/StarterPack/Materials/Palette/Grids/M_SuperGrid_Walkable_Custom.uasset" 444
"../../../../../../Users/nle93/Documents/Unreal Projects/IrinAndTheAbyss/Content/Levels/SuperGrid/StarterPack/Source/Textures/Templates/T_TemplateHuman.uasset" 445
"../../../../../../Users/nle93/Documents/Unreal Projects/IrinAndTheAbyss/Content/Levels/SuperGrid/StarterPack/Materials/Base/M_SuperGrid_Template.uasset" 446
"../../../../../../Users/nle93/Documents/Unreal Projects/IrinAndTheAbyss/Content/Levels/SuperGrid/StarterPack/Source/Textures/Templates/T_TemplateLlama.uasset" 447
"../../../../../../Users/nle93/Documents/Unreal Projects/IrinAndTheAbyss/Content/Levels/SuperGrid/StarterPack/Materials/Palette/Templates/M_SuperGrid_Llama.uasset" 448
"../../../../../../Users/nle93/Documents/Unreal Projects/IrinAndTheAbyss/Content/Levels/SuperGrid/StarterPack/Materials/Palette/Templates/M_SuperGrid_Te_Human.uasset" 449
"../../../Engine/Content/MapTemplates/SM_Template_Map_Floor.uasset" 450
"../../../../../../Users/nle93/Documents/Unreal Projects/IrinAndTheAbyss/Content/Art/Environment/Models/M_Pine_tree_1_tree_pieces1_Canopy11.uasset" 451
"../../../../../../Users/nle93/Documents/Unreal Projects/IrinAndTheAbyss/Content/Art/Environment/Models/SM_MERGED_M_Pine_tree_1_tree_pieces1_Canopy11_11.uasset" 452
"../../../../../../Users/nle93/Documents/Unreal Projects/IrinAndTheAbyss/Content/Levels/SuperGrid/StarterPack/Source/Meshes/SuperGrid_BoxCentered.uasset" 453
"../../../../../../Users/nle93/Documents/Unreal Projects/IrinAndTheAbyss/Content/Levels/SuperGrid/StarterPack/Source/Meshes/SuperGrid_Hexagon.uasset" 454
"../../../../../../Users/nle93/Documents/Unreal Projects/IrinAndTheAbyss/Content/Levels/SuperGrid/StarterPack/Source/Meshes/SuperGrid_Ramp.uasset" 455
"../../../../../../Users/nle93/Documents/Unreal Projects/IrinAndTheAbyss/Content/Levels/TestMainMenuMap.umap" 456
"../../../../../../Users/nle93/Documents/Unreal Projects/IrinAndTheAbyss/Content/Levels/BluePrints/Test_Obsticle1.uasset" 457
"../../../../../../Users/nle93/Documents/Unreal Projects/IrinAndTheAbyss/Content/Levels/TestMap.umap" 458
"../../../Engine/Content/Maps/Entry_BuiltData.uasset" 459
"../../../Engine/Content/Maps/Entry.umap" 460
